==============================================================================
20170212 17:03:24.970 - INFO - + START SUITE: Acceptancetest [ ]
==============================================================================
20170212 17:03:35.888 - INFO - +- START SUITE: Acceptancetest.CustomWidgetTests [ ]
==============================================================================
20170212 17:03:35.888 - INFO - +-- START TEST: Hexagon Is Not Selected Initially [ ]
------------------------------------------------------------------------------
20170212 17:03:35.906 - INFO - +--- START KW: SwingLibrary.Start Application [ edu.jsu.mcis.Main ]
20170212 17:03:36.127 - INFO - +--- END KW: SwingLibrary.Start Application (205)
~~~~~~~~~~~~~~~~~~~~~~~~~~~~~~~~~~~~~~~~~~~~~~~~~~~~~~~~~~~~~~~~~~~~~~~~~~~~~~
20170212 17:03:36.127 - INFO - +--- START KW: SwingLibrary.Select Window [ Main ]
20170212 17:03:36.227 - DEBUG - Jemmy: Start to wait frame "Frame with name or title 'Main'" opened
20170212 17:03:36.227 - DEBUG - Jemmy: Frame "Frame with name or title 'Main'" has been opened in 0 milliseconds
    javax.swing.JFrame[frame0,0,0,500x500,layout=java.awt.BorderLayout,title=Main,resizable,normal,defaultCloseOperation=EXIT_ON_CLOSE,rootPane=javax.swing.JRootPane[,9,38,482x453,layout=javax.swing.JRootPane$RootLayout,alignmentX=0.0,alignmentY=0.0,border=,flags=16777673,maximumSize=,minimumSize=,preferredSize=],rootPaneCheckingEnabled=true]
20170212 17:03:36.227 - INFO - +--- END KW: SwingLibrary.Select Window (100)
~~~~~~~~~~~~~~~~~~~~~~~~~~~~~~~~~~~~~~~~~~~~~~~~~~~~~~~~~~~~~~~~~~~~~~~~~~~~~~
20170212 17:03:36.227 - INFO - +--- START KW: SwingLibrary.Label Text Should Be [ label | Hexagon ]
20170212 17:03:36.274 - DEBUG - Jemmy: Waiting for "label" subcomponent
20170212 17:03:36.274 - DEBUG - Jemmy: Start to wait action "Wait for "label" subcomponent to be displayed"
20170212 17:03:36.274 - DEBUG - Jemmy: "Wait for "label" subcomponent to be displayed" action has been produced in 0 milliseconds with result 
    : javax.swing.JLabel[label,0,0,482x16,alignmentX=0.0,alignmentY=0.0,border=,flags=8388608,maximumSize=,minimumSize=,preferredSize=,defaultIcon=,disabledIcon=,horizontalAlignment=CENTER,horizontalTextPosition=TRAILING,iconTextGap=4,labelFor=,text=Hexagon,verticalAlignment=CENTER,verticalTextPosition=CENTER]
20170212 17:03:36.274 - INFO - +--- END KW: SwingLibrary.Label Text Should Be (47)
~~~~~~~~~~~~~~~~~~~~~~~~~~~~~~~~~~~~~~~~~~~~~~~~~~~~~~~~~~~~~~~~~~~~~~~~~~~~~~
20170212 17:03:36.274 - INFO - +--- START KW: SwingLibrary.Close Window [ Main ]
20170212 17:03:36.289 - DEBUG - Jemmy: Start to wait frame "Frame with name or title 'Main'" opened
20170212 17:03:36.289 - DEBUG - Jemmy: Frame "Frame with name or title 'Main'" has been opened in 0 milliseconds
    javax.swing.JFrame[frame0,0,0,500x500,layout=java.awt.BorderLayout,title=Main,resizable,normal,defaultCloseOperation=EXIT_ON_CLOSE,rootPane=javax.swing.JRootPane[,9,38,482x453,layout=javax.swing.JRootPane$RootLayout,alignmentX=0.0,alignmentY=0.0,border=,flags=16777673,maximumSize=,minimumSize=,preferredSize=],rootPaneCheckingEnabled=true]
20170212 17:03:36.531 - INFO - +--- END KW: SwingLibrary.Close Window (257)
------------------------------------------------------------------------------
20170212 17:03:36.547 - INFO - +-- END TEST: Hexagon Is Not Selected Initially (643)
------------------------------------------------------------------------------
20170212 17:03:36.563 - INFO - +-- START TEST: Octagon Is Selected After Center Click [ ]
------------------------------------------------------------------------------
20170212 17:03:36.563 - INFO - +--- START KW: SwingLibrary.Start Application [ edu.jsu.mcis.Main ]
20170212 17:03:36.594 - INFO - +--- END KW: SwingLibrary.Start Application (31)
~~~~~~~~~~~~~~~~~~~~~~~~~~~~~~~~~~~~~~~~~~~~~~~~~~~~~~~~~~~~~~~~~~~~~~~~~~~~~~
20170212 17:03:36.594 - INFO - +--- START KW: SwingLibrary.Select Window [ Main ]
20170212 17:03:36.609 - DEBUG - Jemmy: Start to wait frame "Frame with name or title 'Main'" opened
20170212 17:03:36.616 - DEBUG - Jemmy: Frame "Frame with name or title 'Main'" has been opened in 0 milliseconds
    javax.swing.JFrame[frame1,0,0,500x500,layout=java.awt.BorderLayout,title=Main,resizable,normal,defaultCloseOperation=EXIT_ON_CLOSE,rootPane=javax.swing.JRootPane[,9,38,482x453,layout=javax.swing.JRootPane$RootLayout,alignmentX=0.0,alignmentY=0.0,border=,flags=16777673,maximumSize=,minimumSize=,preferredSize=],rootPaneCheckingEnabled=true]
20170212 17:03:36.632 - INFO - +--- END KW: SwingLibrary.Select Window (38)
~~~~~~~~~~~~~~~~~~~~~~~~~~~~~~~~~~~~~~~~~~~~~~~~~~~~~~~~~~~~~~~~~~~~~~~~~~~~~~
20170212 17:03:36.632 - INFO - +--- START KW: keywords.CustomWidgetKeywords.Click Octagon [ ]
20170212 17:03:36.632 - DEBUG - Jemmy: Waiting for "Any CustomWidget" subcomponent
20170212 17:03:36.632 - DEBUG - Jemmy: Start to wait action "Wait for "Any CustomWidget" subcomponent to be displayed"
20170212 17:03:36.632 - DEBUG - Jemmy: "Wait for "Any CustomWidget" subcomponent to be displayed" action has been produced in 0 milliseconds with result 
    : edu.jsu.mcis.CustomWidget[,0,16,482x437,layout=java.awt.FlowLayout,alignmentX=0.0,alignmentY=0.0,border=javax.swing.border.LineBorder@51c645de,flags=9,maximumSize=,minimumSize=,preferredSize=]
20170212 17:03:36.647 - INFO - +--- END KW: keywords.CustomWidgetKeywords.Click Octagon (15)
~~~~~~~~~~~~~~~~~~~~~~~~~~~~~~~~~~~~~~~~~~~~~~~~~~~~~~~~~~~~~~~~~~~~~~~~~~~~~~
20170212 17:03:36.647 - INFO - +--- START KW: SwingLibrary.Label Text Should Be [ label | Octagon ]
20170212 17:03:36.663 - DEBUG - Jemmy: Waiting for "label" subcomponent
20170212 17:03:36.663 - DEBUG - Jemmy: Start to wait action "Wait for "label" subcomponent to be displayed"
20170212 17:03:36.663 - DEBUG - Jemmy: "Wait for "label" subcomponent to be displayed" action has been produced in 0 milliseconds with result 
    : javax.swing.JLabel[label,0,0,482x16,alignmentX=0.0,alignmentY=0.0,border=,flags=8388608,maximumSize=,minimumSize=,preferredSize=,defaultIcon=,disabledIcon=,horizontalAlignment=CENTER,horizontalTextPosition=TRAILING,iconTextGap=4,labelFor=,text=Octagon,verticalAlignment=CENTER,verticalTextPosition=CENTER]
20170212 17:03:36.663 - INFO - +--- END KW: SwingLibrary.Label Text Should Be (16)
~~~~~~~~~~~~~~~~~~~~~~~~~~~~~~~~~~~~~~~~~~~~~~~~~~~~~~~~~~~~~~~~~~~~~~~~~~~~~~
20170212 17:03:36.663 - INFO - +--- START KW: SwingLibrary.Close Window [ Main ]
20170212 17:03:36.678 - DEBUG - Jemmy: Start to wait frame "Frame with name or title 'Main'" opened
20170212 17:03:36.678 - DEBUG - Jemmy: Frame "Frame with name or title 'Main'" has been opened in 0 milliseconds
    javax.swing.JFrame[frame1,0,0,500x500,invalid,layout=java.awt.BorderLayout,title=Main,resizable,normal,defaultCloseOperation=EXIT_ON_CLOSE,rootPane=javax.swing.JRootPane[,9,38,482x453,layout=javax.swing.JRootPane$RootLayout,alignmentX=0.0,alignmentY=0.0,border=,flags=16777673,maximumSize=,minimumSize=,preferredSize=],rootPaneCheckingEnabled=true]
20170212 17:03:36.894 - INFO - +--- END KW: SwingLibrary.Close Window (231)
------------------------------------------------------------------------------
20170212 17:03:36.894 - INFO - +-- END TEST: Octagon Is Selected After Center Click (331)
------------------------------------------------------------------------------
20170212 17:03:36.912 - INFO - +-- START TEST: Widget Is Unchanged After Edge Click [ ]
------------------------------------------------------------------------------
20170212 17:03:36.916 - INFO - +--- START KW: SwingLibrary.Start Application [ edu.jsu.mcis.Main ]
20170212 17:03:36.948 - INFO - +--- END KW: SwingLibrary.Start Application (32)
~~~~~~~~~~~~~~~~~~~~~~~~~~~~~~~~~~~~~~~~~~~~~~~~~~~~~~~~~~~~~~~~~~~~~~~~~~~~~~
20170212 17:03:36.963 - INFO - +--- START KW: SwingLibrary.Select Window [ Main ]
20170212 17:03:36.963 - DEBUG - Jemmy: Start to wait frame "Frame with name or title 'Main'" opened
20170212 17:03:36.963 - DEBUG - Jemmy: Frame "Frame with name or title 'Main'" has been opened in 0 milliseconds
    javax.swing.JFrame[frame2,0,0,500x500,layout=java.awt.BorderLayout,title=Main,resizable,normal,defaultCloseOperation=EXIT_ON_CLOSE,rootPane=javax.swing.JRootPane[,9,38,482x453,layout=javax.swing.JRootPane$RootLayout,alignmentX=0.0,alignmentY=0.0,border=,flags=16777673,maximumSize=,minimumSize=,preferredSize=],rootPaneCheckingEnabled=true]
20170212 17:03:36.979 - INFO - +--- END KW: SwingLibrary.Select Window (31)
~~~~~~~~~~~~~~~~~~~~~~~~~~~~~~~~~~~~~~~~~~~~~~~~~~~~~~~~~~~~~~~~~~~~~~~~~~~~~~
20170212 17:03:36.979 - INFO - +--- START KW: keywords.CustomWidgetKeywords.Click Outside [ ]
20170212 17:03:36.979 - DEBUG - Jemmy: Waiting for "Any CustomWidget" subcomponent
20170212 17:03:36.979 - DEBUG - Jemmy: Start to wait action "Wait for "Any CustomWidget" subcomponent to be displayed"
20170212 17:03:36.979 - DEBUG - Jemmy: "Wait for "Any CustomWidget" subcomponent to be displayed" action has been produced in 0 milliseconds with result 
    : edu.jsu.mcis.CustomWidget[,0,16,482x437,layout=java.awt.FlowLayout,alignmentX=0.0,alignmentY=0.0,border=javax.swing.border.LineBorder@127192f9,flags=9,maximumSize=,minimumSize=,preferredSize=]
20170212 17:03:36.995 - INFO - +--- END KW: keywords.CustomWidgetKeywords.Click Outside (16)
~~~~~~~~~~~~~~~~~~~~~~~~~~~~~~~~~~~~~~~~~~~~~~~~~~~~~~~~~~~~~~~~~~~~~~~~~~~~~~
20170212 17:03:36.995 - INFO - +--- START KW: SwingLibrary.Label Text Should Be [ label | Hexagon ]
20170212 17:03:36.995 - DEBUG - Jemmy: Waiting for "label" subcomponent
20170212 17:03:36.995 - DEBUG - Jemmy: Start to wait action "Wait for "label" subcomponent to be displayed"
20170212 17:03:36.995 - DEBUG - Jemmy: "Wait for "label" subcomponent to be displayed" action has been produced in 0 milliseconds with result 
    : javax.swing.JLabel[label,0,0,482x16,alignmentX=0.0,alignmentY=0.0,border=,flags=8388608,maximumSize=,minimumSize=,preferredSize=,defaultIcon=,disabledIcon=,horizontalAlignment=CENTER,horizontalTextPosition=TRAILING,iconTextGap=4,labelFor=,text=Hexagon,verticalAlignment=CENTER,verticalTextPosition=CENTER]
20170212 17:03:37.012 - INFO - +--- END KW: SwingLibrary.Label Text Should Be (16)
~~~~~~~~~~~~~~~~~~~~~~~~~~~~~~~~~~~~~~~~~~~~~~~~~~~~~~~~~~~~~~~~~~~~~~~~~~~~~~
20170212 17:03:37.013 - INFO - +--- START KW: SwingLibrary.Close Window [ Main ]
20170212 17:03:37.017 - DEBUG - Jemmy: Start to wait frame "Frame with name or title 'Main'" opened
20170212 17:03:37.017 - DEBUG - Jemmy: Frame "Frame with name or title 'Main'" has been opened in 0 milliseconds
    javax.swing.JFrame[frame2,0,0,500x500,layout=java.awt.BorderLayout,title=Main,resizable,normal,defaultCloseOperation=EXIT_ON_CLOSE,rootPane=javax.swing.JRootPane[,9,38,482x453,layout=javax.swing.JRootPane$RootLayout,alignmentX=0.0,alignmentY=0.0,border=,flags=16777673,maximumSize=,minimumSize=,preferredSize=],rootPaneCheckingEnabled=true]
20170212 17:03:37.232 - INFO - +--- END KW: SwingLibrary.Close Window (219)
------------------------------------------------------------------------------
20170212 17:03:37.248 - INFO - +-- END TEST: Widget Is Unchanged After Edge Click (322)
------------------------------------------------------------------------------
20170212 17:03:37.264 - INFO - +-- START TEST: Widget Toggles With Successive Center Clicks [ ]
------------------------------------------------------------------------------
20170212 17:03:37.264 - INFO - +--- START KW: SwingLibrary.Start Application [ edu.jsu.mcis.Main ]
20170212 17:03:37.295 - INFO - +--- END KW: SwingLibrary.Start Application (31)
~~~~~~~~~~~~~~~~~~~~~~~~~~~~~~~~~~~~~~~~~~~~~~~~~~~~~~~~~~~~~~~~~~~~~~~~~~~~~~
20170212 17:03:37.295 - INFO - +--- START KW: SwingLibrary.Select Window [ Main ]
20170212 17:03:37.295 - DEBUG - Jemmy: Start to wait frame "Frame with name or title 'Main'" opened
20170212 17:03:37.317 - DEBUG - Jemmy: Frame "Frame with name or title 'Main'" has been opened in 0 milliseconds
    javax.swing.JFrame[frame3,0,0,500x500,layout=java.awt.BorderLayout,title=Main,resizable,normal,defaultCloseOperation=EXIT_ON_CLOSE,rootPane=javax.swing.JRootPane[,9,38,482x453,layout=javax.swing.JRootPane$RootLayout,alignmentX=0.0,alignmentY=0.0,border=,flags=16777673,maximumSize=,minimumSize=,preferredSize=],rootPaneCheckingEnabled=true]
20170212 17:03:37.317 - INFO - +--- END KW: SwingLibrary.Select Window (22)
~~~~~~~~~~~~~~~~~~~~~~~~~~~~~~~~~~~~~~~~~~~~~~~~~~~~~~~~~~~~~~~~~~~~~~~~~~~~~~
20170212 17:03:37.317 - INFO - +--- START KW: keywords.CustomWidgetKeywords.Click Octagon [ ]
20170212 17:03:37.317 - DEBUG - Jemmy: Waiting for "Any CustomWidget" subcomponent
20170212 17:03:37.317 - DEBUG - Jemmy: Start to wait action "Wait for "Any CustomWidget" subcomponent to be displayed"
20170212 17:03:37.333 - DEBUG - Jemmy: "Wait for "Any CustomWidget" subcomponent to be displayed" action has been produced in 16 milliseconds with result 
    : edu.jsu.mcis.CustomWidget[,0,16,482x437,layout=java.awt.FlowLayout,alignmentX=0.0,alignmentY=0.0,border=javax.swing.border.LineBorder@7bb6c94c,flags=9,maximumSize=,minimumSize=,preferredSize=]
20170212 17:03:37.333 - INFO - +--- END KW: keywords.CustomWidgetKeywords.Click Octagon (16)
~~~~~~~~~~~~~~~~~~~~~~~~~~~~~~~~~~~~~~~~~~~~~~~~~~~~~~~~~~~~~~~~~~~~~~~~~~~~~~
20170212 17:03:37.333 - INFO - +--- START KW: SwingLibrary.Label Text Should Be [ label | Octagon ]
20170212 17:03:37.348 - DEBUG - Jemmy: Waiting for "label" subcomponent
20170212 17:03:37.348 - DEBUG - Jemmy: Start to wait action "Wait for "label" subcomponent to be displayed"
20170212 17:03:37.348 - DEBUG - Jemmy: "Wait for "label" subcomponent to be displayed" action has been produced in 0 milliseconds with result 
    : javax.swing.JLabel[label,0,0,482x16,alignmentX=0.0,alignmentY=0.0,border=,flags=8388608,maximumSize=,minimumSize=,preferredSize=,defaultIcon=,disabledIcon=,horizontalAlignment=CENTER,horizontalTextPosition=TRAILING,iconTextGap=4,labelFor=,text=Octagon,verticalAlignment=CENTER,verticalTextPosition=CENTER]
20170212 17:03:37.348 - INFO - +--- END KW: SwingLibrary.Label Text Should Be (15)
~~~~~~~~~~~~~~~~~~~~~~~~~~~~~~~~~~~~~~~~~~~~~~~~~~~~~~~~~~~~~~~~~~~~~~~~~~~~~~
20170212 17:03:37.364 - INFO - +--- START KW: keywords.CustomWidgetKeywords.Click Hexagon [ ]
20170212 17:03:37.364 - DEBUG - Jemmy: Waiting for "Any CustomWidget" subcomponent
20170212 17:03:37.364 - DEBUG - Jemmy: Start to wait action "Wait for "Any CustomWidget" subcomponent to be displayed"
20170212 17:03:37.364 - DEBUG - Jemmy: "Wait for "Any CustomWidget" subcomponent to be displayed" action has been produced in 0 milliseconds with result 
    : edu.jsu.mcis.CustomWidget[,0,16,482x437,layout=java.awt.FlowLayout,alignmentX=0.0,alignmentY=0.0,border=javax.swing.border.LineBorder@7bb6c94c,flags=9,maximumSize=,minimumSize=,preferredSize=]
20170212 17:03:37.364 - INFO - +--- END KW: keywords.CustomWidgetKeywords.Click Hexagon (16)
~~~~~~~~~~~~~~~~~~~~~~~~~~~~~~~~~~~~~~~~~~~~~~~~~~~~~~~~~~~~~~~~~~~~~~~~~~~~~~
20170212 17:03:37.364 - INFO - +--- START KW: SwingLibrary.Label Text Should Be [ label | Hexagon ]
20170212 17:03:37.380 - DEBUG - Jemmy: Waiting for "label" subcomponent
20170212 17:03:37.380 - DEBUG - Jemmy: Start to wait action "Wait for "label" subcomponent to be displayed"
20170212 17:03:37.380 - DEBUG - Jemmy: "Wait for "label" subcomponent to be displayed" action has been produced in 0 milliseconds with result 
    : javax.swing.JLabel[label,0,0,482x16,alignmentX=0.0,alignmentY=0.0,border=,flags=8388608,maximumSize=,minimumSize=,preferredSize=,defaultIcon=,disabledIcon=,horizontalAlignment=CENTER,horizontalTextPosition=TRAILING,iconTextGap=4,labelFor=,text=Hexagon,verticalAlignment=CENTER,verticalTextPosition=CENTER]
20170212 17:03:37.380 - INFO - +--- END KW: SwingLibrary.Label Text Should Be (16)
~~~~~~~~~~~~~~~~~~~~~~~~~~~~~~~~~~~~~~~~~~~~~~~~~~~~~~~~~~~~~~~~~~~~~~~~~~~~~~
20170212 17:03:37.380 - INFO - +--- START KW: SwingLibrary.Close Window [ Main ]
20170212 17:03:37.395 - DEBUG - Jemmy: Start to wait frame "Frame with name or title 'Main'" opened
20170212 17:03:37.395 - DEBUG - Jemmy: Frame "Frame with name or title 'Main'" has been opened in 0 milliseconds
    javax.swing.JFrame[frame3,0,0,500x500,invalid,layout=java.awt.BorderLayout,title=Main,resizable,normal,defaultCloseOperation=EXIT_ON_CLOSE,rootPane=javax.swing.JRootPane[,9,38,482x453,layout=javax.swing.JRootPane$RootLayout,alignmentX=0.0,alignmentY=0.0,border=,flags=16777673,maximumSize=,minimumSize=,preferredSize=],rootPaneCheckingEnabled=true]
20170212 17:03:37.618 - INFO - +--- END KW: SwingLibrary.Close Window (236)
------------------------------------------------------------------------------
20170212 17:03:37.618 - INFO - +-- END TEST: Widget Toggles With Successive Center Clicks (354)
------------------------------------------------------------------------------
20170212 17:03:37.680 - INFO - +- END SUITE: Acceptancetest.CustomWidgetTests (12657)
==============================================================================
20170212 17:03:37.733 - INFO - + END SUITE: Acceptancetest (13013)
==============================================================================
